Determining if the pthread_create exist failed with the following output:
Change Dir: /home/issa/AGGREGATOR_WS/build/CMakeFiles/CMakeTmp

Run Build Command:/usr/bin/make "cmTryCompileExec229539813/fast"
/usr/bin/make -f CMakeFiles/cmTryCompileExec229539813.dir/build.make CMakeFiles/cmTryCompileExec229539813.dir/build
make[1]: Entering directory `/home/issa/AGGREGATOR_WS/build/CMakeFiles/CMakeTmp'
/usr/bin/cmake -E cmake_progress_report /home/issa/AGGREGATOR_WS/build/CMakeFiles/CMakeTmp/CMakeFiles 1
Building C object CMakeFiles/cmTryCompileExec229539813.dir/CheckSymbolExists.c.o
/usr/bin/cc    -o CMakeFiles/cmTryCompileExec229539813.dir/CheckSymbolExists.c.o   -c /home/issa/AGGREGATOR_WS/build/CMakeFiles/CMakeTmp/CheckSymbolExists.c
Linking C executable cmTryCompileExec229539813
/usr/bin/cmake -E cmake_link_script CMakeFiles/cmTryCompileExec229539813.dir/link.txt --verbose=1
/usr/bin/cc       CMakeFiles/cmTryCompileExec229539813.dir/CheckSymbolExists.c.o  -o cmTryCompileExec229539813 -rdynamic 
CMakeFiles/cmTryCompileExec229539813.dir/CheckSymbolExists.c.o: In function `main':
CheckSymbolExists.c:(.text+0x16): undefined reference to `pthread_create'
collect2: error: ld returned 1 exit status
make[1]: *** [cmTryCompileExec229539813] Error 1
make[1]: Leaving directory `/home/issa/AGGREGATOR_WS/build/CMakeFiles/CMakeTmp'
make: *** [cmTryCompileExec229539813/fast] Error 2

File /home/issa/AGGREGATOR_WS/build/CMakeFiles/CMakeTmp/CheckSymbolExists.c:
/* */
#include <pthread.h>

int main(int argc, char** argv)
{
  (void)argv;
#ifndef pthread_create
  return ((int*)(&pthread_create))[argc];
#else
  (void)argc;
  return 0;
#endif
}

Determining if the function pthread_create exists in the pthreads failed with the following output:
Change Dir: /home/issa/AGGREGATOR_WS/build/CMakeFiles/CMakeTmp

Run Build Command:/usr/bin/make "cmTryCompileExec58680672/fast"
/usr/bin/make -f CMakeFiles/cmTryCompileExec58680672.dir/build.make CMakeFiles/cmTryCompileExec58680672.dir/build
make[1]: Entering directory `/home/issa/AGGREGATOR_WS/build/CMakeFiles/CMakeTmp'
/usr/bin/cmake -E cmake_progress_report /home/issa/AGGREGATOR_WS/build/CMakeFiles/CMakeTmp/CMakeFiles 1
Building C object CMakeFiles/cmTryCompileExec58680672.dir/CheckFunctionExists.c.o
/usr/bin/cc   -DCHECK_FUNCTION_EXISTS=pthread_create   -o CMakeFiles/cmTryCompileExec58680672.dir/CheckFunctionExists.c.o   -c /usr/share/cmake-2.8/Modules/CheckFunctionExists.c
Linking C executable cmTryCompileExec58680672
/usr/bin/cmake -E cmake_link_script CMakeFiles/cmTryCompileExec58680672.dir/link.txt --verbose=1
/usr/bin/cc   -DCHECK_FUNCTION_EXISTS=pthread_create    CMakeFiles/cmTryCompileExec58680672.dir/CheckFunctionExists.c.o  -o cmTryCompileExec58680672 -rdynamic -lpthreads 
/usr/bin/ld: cannot find -lpthreads
collect2: error: ld returned 1 exit status
make[1]: *** [cmTryCompileExec58680672] Error 1
make[1]: Leaving directory `/home/issa/AGGREGATOR_WS/build/CMakeFiles/CMakeTmp'
make: *** [cmTryCompileExec58680672/fast] Error 2


